
> codetest@0.4.0 lint C:\Dev\_pg\201809_YourWelcome\code-test-master
> eslint lib/


C:\Dev\_pg\201809_YourWelcome\code-test-master\lib\app\components\Property.js
   6:58  error  Block must not be padded by blank lines  padded-blocks
  36:40  error  Missing trailing comma                   comma-dangle

C:\Dev\_pg\201809_YourWelcome\code-test-master\lib\app\components\Radio.js
   1:42   error  Expected linebreaks to be 'LF' but found 'CRLF'           linebreak-style
   2:36   error  Expected linebreaks to be 'LF' but found 'CRLF'           linebreak-style
   3:1    error  Expected linebreaks to be 'LF' but found 'CRLF'           linebreak-style
   4:47   error  Expected linebreaks to be 'LF' but found 'CRLF'           linebreak-style
   5:1    error  Expected linebreaks to be 'LF' but found 'CRLF'           linebreak-style
   6:23   error  Expected linebreaks to be 'LF' but found 'CRLF'           linebreak-style
   7:18   error  Expected linebreaks to be 'LF' but found 'CRLF'           linebreak-style
   8:19   error  Expected linebreaks to be 'LF' but found 'CRLF'           linebreak-style
   9:30   error  Expected linebreaks to be 'LF' but found 'CRLF'           linebreak-style
  10:34   error  Expected linebreaks to be 'LF' but found 'CRLF'           linebreak-style
  11:7    error  Expected linebreaks to be 'LF' but found 'CRLF'           linebreak-style
  12:54   error  Expected linebreaks to be 'LF' but found 'CRLF'           linebreak-style
  13:4    error  Expected linebreaks to be 'LF' but found 'CRLF'           linebreak-style
  14:1    error  Expected linebreaks to be 'LF' but found 'CRLF'           linebreak-style
  15:24   error  Expected linebreaks to be 'LF' but found 'CRLF'           linebreak-style
  16:37   error  Expected linebreaks to be 'LF' but found 'CRLF'           linebreak-style
  17:56   error  Expected linebreaks to be 'LF' but found 'CRLF'           linebreak-style
  18:54   error  Expected linebreaks to be 'LF' but found 'CRLF'           linebreak-style
  19:13   error  Expected linebreaks to be 'LF' but found 'CRLF'           linebreak-style
  20:54   error  Expected linebreaks to be 'LF' but found 'CRLF'           linebreak-style
  21:52   error  Expected linebreaks to be 'LF' but found 'CRLF'           linebreak-style
  22:6    error  Expected linebreaks to be 'LF' but found 'CRLF'           linebreak-style
  23:4    error  Expected linebreaks to be 'LF' but found 'CRLF'           linebreak-style
  24:1    error  Expected linebreaks to be 'LF' but found 'CRLF'           linebreak-style
  25:13   error  Expected linebreaks to be 'LF' but found 'CRLF'           linebreak-style
  26:13   error  Expected linebreaks to be 'LF' but found 'CRLF'           linebreak-style
  27:12   error  Expected linebreaks to be 'LF' but found 'CRLF'           linebreak-style
  28:38   error  Expected linebreaks to be 'LF' but found 'CRLF'           linebreak-style
  29:34   error  Expected linebreaks to be 'LF' but found 'CRLF'           linebreak-style
  30:38   error  Expected linebreaks to be 'LF' but found 'CRLF'           linebreak-style
  31:138  error  Expected linebreaks to be 'LF' but found 'CRLF'           linebreak-style
  32:22   error  Expected linebreaks to be 'LF' but found 'CRLF'           linebreak-style
  33:17   error  Expected indentation of 12 space characters but found 16  react/jsx-indent
  33:25   error  Expected linebreaks to be 'LF' but found 'CRLF'           linebreak-style
  34:17   error  Expected linebreaks to be 'LF' but found 'CRLF'           linebreak-style
  35:34   error  Expected linebreaks to be 'LF' but found 'CRLF'           linebreak-style
  36:33   error  Expected linebreaks to be 'LF' but found 'CRLF'           linebreak-style
  37:123  error  Expected linebreaks to be 'LF' but found 'CRLF'           linebreak-style
  38:17   error  Expected linebreaks to be 'LF' but found 'CRLF'           linebreak-style
  39:17   error  Expected indentation of 12 space characters but found 16  react/jsx-indent
  39:25   error  Expected linebreaks to be 'LF' but found 'CRLF'           linebreak-style
  40:17   error  Expected linebreaks to be 'LF' but found 'CRLF'           linebreak-style
  41:15   error  Expected linebreaks to be 'LF' but found 'CRLF'           linebreak-style
  42:38   error  Expected linebreaks to be 'LF' but found 'CRLF'           linebreak-style
  43:34   error  Expected linebreaks to be 'LF' but found 'CRLF'           linebreak-style
  44:34   error  Expected linebreaks to be 'LF' but found 'CRLF'           linebreak-style
  45:145  error  Expected linebreaks to be 'LF' but found 'CRLF'           linebreak-style
  46:29   error  Expected linebreaks to be 'LF' but found 'CRLF'           linebreak-style
  47:17   error  Expected indentation of 12 space characters but found 16  react/jsx-indent
  47:25   error  Expected linebreaks to be 'LF' but found 'CRLF'           linebreak-style
  48:17   error  Expected linebreaks to be 'LF' but found 'CRLF'           linebreak-style
  49:34   error  Expected linebreaks to be 'LF' but found 'CRLF'           linebreak-style
  50:35   error  Expected linebreaks to be 'LF' but found 'CRLF'           linebreak-style
  51:148  error  Expected linebreaks to be 'LF' but found 'CRLF'           linebreak-style
  52:30   error  Expected linebreaks to be 'LF' but found 'CRLF'           linebreak-style
  53:17   error  Expected indentation of 12 space characters but found 16  react/jsx-indent
  53:25   error  Expected linebreaks to be 'LF' but found 'CRLF'           linebreak-style
  54:17   error  Expected linebreaks to be 'LF' but found 'CRLF'           linebreak-style
  55:15   error  Expected linebreaks to be 'LF' but found 'CRLF'           linebreak-style
  56:15   error  Expected linebreaks to be 'LF' but found 'CRLF'           linebreak-style
  57:4    error  Expected linebreaks to be 'LF' but found 'CRLF'           linebreak-style
  58:2    error  Expected linebreaks to be 'LF' but found 'CRLF'           linebreak-style
  59:1    error  Expected linebreaks to be 'LF' but found 'CRLF'           linebreak-style
  60:20   error  Expected linebreaks to be 'LF' but found 'CRLF'           linebreak-style
  61:58   error  Expected linebreaks to be 'LF' but found 'CRLF'           linebreak-style
  62:58   error  Expected linebreaks to be 'LF' but found 'CRLF'           linebreak-style
  63:44   error  Expected linebreaks to be 'LF' but found 'CRLF'           linebreak-style
  64:46   error  Expected linebreaks to be 'LF' but found 'CRLF'           linebreak-style
  65:3    error  Newline required at end of file but not found             eol-last

C:\Dev\_pg\201809_YourWelcome\code-test-master\lib\app\pages\Property.js
  15:24  error  'google' is not defined                      no-undef
  19:18  error  'google' is not defined                      no-undef
  21:21  error  'google' is not defined                      no-undef
  22:11  error  'marker' is assigned a value but never used  no-unused-vars
  22:24  error  'google' is not defined                      no-undef

C:\Dev\_pg\201809_YourWelcome\code-test-master\lib\graph\types\location.js
   1:9   error  Expected linebreaks to be 'LF' but found 'CRLF'  linebreak-style
   2:23  error  Expected linebreaks to be 'LF' but found 'CRLF'  linebreak-style
   3:18  error  Expected linebreaks to be 'LF' but found 'CRLF'  linebreak-style
   4:18  error  Expected linebreaks to be 'LF' but found 'CRLF'  linebreak-style
   5:1   error  Expected linebreaks to be 'LF' but found 'CRLF'  linebreak-style
   6:39  error  Expected linebreaks to be 'LF' but found 'CRLF'  linebreak-style
   7:5   error  Expected indentation of 2 spaces but found 4     indent
   7:22  error  Expected linebreaks to be 'LF' but found 'CRLF'  linebreak-style
   8:5   error  Expected indentation of 2 spaces but found 4     indent
   8:76  error  Expected linebreaks to be 'LF' but found 'CRLF'  linebreak-style
   9:5   error  Expected indentation of 2 spaces but found 4     indent
   9:14  error  Expected linebreaks to be 'LF' but found 'CRLF'  linebreak-style
  10:9   error  Expected indentation of 6 spaces but found 8     indent
  10:37  error  Expected linebreaks to be 'LF' but found 'CRLF'  linebreak-style
  11:9   error  Expected indentation of 6 spaces but found 8     indent
  11:37  error  Expected linebreaks to be 'LF' but found 'CRLF'  linebreak-style
  12:7   error  Expected linebreaks to be 'LF' but found 'CRLF'  linebreak-style
  13:4   error  Newline required at end of file but not found    eol-last

✖ 94 problems (94 errors, 0 warnings)

